<?xml version="1.0" encoding="UTF-8"?>
<testng-results ignored="0" total="3" passed="3" failed="0" skipped="0">
  <reporter-output>
  </reporter-output>
  <suite started-at="2023-07-23T16:14:23Z" name="Suite1" finished-at="2023-07-23T16:15:43Z" duration-ms="80249">
    <groups>
      <group name="cucumber">
        <method signature="AbstractTestNGCucumberTests.runScenario(io.cucumber.testng.PickleWrapper, io.cucumber.testng.FeatureWrapper)[pri:0, instance:runner.TestRunner@6404f418]" name="runScenario" class="io.cucumber.testng.AbstractTestNGCucumberTests"/>
      </group> <!-- cucumber -->
    </groups>
    <test started-at="2023-07-23T16:14:23Z" name="Nopackage" finished-at="2023-07-23T16:15:43Z" duration-ms="80249">
      <class name="runner.TestRunner">
        <test-method is-config="true" signature="setUpClass(org.testng.ITestContext)[pri:0, instance:runner.TestRunner@6404f418]" started-at="2023-07-23T16:14:23Z" name="setUpClass" finished-at="2023-07-23T16:14:23Z" duration-ms="640" status="PASS">
          <params>
            <param index="0">
              <value>
                <![CDATA[org.testng.TestRunner@5412bfea]]>
              </value>
            </param>
          </params>
          <reporter-output>
          </reporter-output>
        </test-method> <!-- setUpClass -->
        <test-method signature="runScenario(io.cucumber.testng.PickleWrapper, io.cucumber.testng.FeatureWrapper)[pri:0, instance:runner.TestRunner@6404f418]" started-at="2023-07-23T16:14:23Z" name="runScenario" description="Runs Cucumber Scenarios" data-provider="scenarios" finished-at="2023-07-23T16:14:56Z" duration-ms="32728" status="PASS">
          <params>
            <param index="0">
              <value>
                <![CDATA["searching products on google"]]>
              </value>
            </param>
            <param index="1">
              <value>
                <![CDATA["searching products"]]>
              </value>
            </param>
          </params>
          <reporter-output>
          </reporter-output>
        </test-method> <!-- runScenario -->
        <test-method signature="runScenario(io.cucumber.testng.PickleWrapper, io.cucumber.testng.FeatureWrapper)[pri:0, instance:runner.TestRunner@6404f418]" started-at="2023-07-23T16:14:56Z" name="runScenario" description="Runs Cucumber Scenarios" data-provider="scenarios" finished-at="2023-07-23T16:15:21Z" duration-ms="24700" status="PASS">
          <params>
            <param index="0">
              <value>
                <![CDATA["searching products on google"]]>
              </value>
            </param>
            <param index="1">
              <value>
                <![CDATA["searching products"]]>
              </value>
            </param>
          </params>
          <reporter-output>
          </reporter-output>
        </test-method> <!-- runScenario -->
        <test-method signature="runScenario(io.cucumber.testng.PickleWrapper, io.cucumber.testng.FeatureWrapper)[pri:0, instance:runner.TestRunner@6404f418]" started-at="2023-07-23T16:15:21Z" name="runScenario" description="Runs Cucumber Scenarios" data-provider="scenarios" finished-at="2023-07-23T16:15:43Z" duration-ms="22102" status="PASS">
          <params>
            <param index="0">
              <value>
                <![CDATA["searching products on google"]]>
              </value>
            </param>
            <param index="1">
              <value>
                <![CDATA["searching products"]]>
              </value>
            </param>
          </params>
          <reporter-output>
          </reporter-output>
        </test-method> <!-- runScenario -->
        <test-method is-config="true" signature="tearDownClass()[pri:0, instance:runner.TestRunner@6404f418]" started-at="2023-07-23T16:15:43Z" name="tearDownClass" finished-at="2023-07-23T16:15:43Z" duration-ms="19" status="PASS">
          <reporter-output>
          </reporter-output>
        </test-method> <!-- tearDownClass -->
      </class> <!-- runner.TestRunner -->
    </test> <!-- Nopackage -->
  </suite> <!-- Suite1 -->
</testng-results>
